@I [HLS-0] Workspace /home/student/mq58/MengProj/meng-reconfigurable-computing/cordic_tutorial/amdpool/cordic.prj/solution1 opened at Thu Apr 14 16:39:58 EDT 2016
@I [HLS-100] Command 'open_solution' returned 0; elapsed 0.01Total elapsed time: 1.745 sec.
@I [HLS-100] Command "set_part xc7z020clg484-1 "
@I [HLS-100] Command "add_library xilinx/zynq/zynq:xc7z020:clg484:-1 "
@I [HLS-100] Command "get_default_platform "
@I [HLS-100] Command 'get_default_platform' returned 0; elapsed 0Total elapsed time: 1.760 sec.
@I [HLS-100] Command "license_exists VIVADO_HLS "
@I [HLS-100] Command 'license_exists' returned 1; elapsed 0.01Total elapsed time: 1.767 sec.
@I [HLS-100] Command "license_exists ap_opencl "
@I [HLS-100] Command 'license_exists' returned 1; elapsed 0Total elapsed time: 1.773 sec.
@I [HLS-100] Command "license_exists ap_sdsoc "
@I [HLS-100] Command 'license_exists' returned 1; elapsed 0.01Total elapsed time: 1.779 sec.
@I [HLS-100] Command "license_exists AUTOESL_NI "
@I [HLS-100] Command 'license_exists' returned 1; elapsed 0Total elapsed time: 1.785 sec.
@I [HLS-100] Command "license_exists HLS "
@I [HLS-100] Command 'license_exists' returned 0; elapsed 0Total elapsed time: 1.786 sec.
@I [HLS-100] Command "open_platform DefaultPlatform "
@I [HLS-100] Command 'open_platform' returned 0; elapsed 0Total elapsed time: 1.788 sec.
@I [HLS-100] Command "import_lib /research/brg/install/bare-pkgs/x86_64-centos6/pkgs/xilinx-vivado-2015.2/Vivado_HLS/2015.2/common/technology/xilinx/zynq/zynq "
@I [HLS-100] Command "source /research/brg/install/bare-pkgs/x86_64-centos6/pkgs/xilinx-vivado-2015.2/Vivado_HLS/2015.2/common/technology/xilinx/common/xilinx.lib "
@I [HLS-100] Command "source /research/brg/install/bare-pkgs/x86_64-centos6/pkgs/xilinx-vivado-2015.2/Vivado_HLS/2015.2/common/technology/xilinx/interface/xilinx_interface.lib "
@I [HLS-100] Command "source /research/brg/install/bare-pkgs/x86_64-centos6/pkgs/xilinx-vivado-2015.2/Vivado_HLS/2015.2/common/technology/xilinx/interface/plb46.lib "
@I [HLS-100] Command 'ap_source' returned 0; elapsed 0Total elapsed time: 1.820 sec.
@I [HLS-100] Command "source /research/brg/install/bare-pkgs/x86_64-centos6/pkgs/xilinx-vivado-2015.2/Vivado_HLS/2015.2/common/technology/xilinx/interface/fsl.lib "
@I [HLS-100] Command 'ap_source' returned 0; elapsed 0Total elapsed time: 1.828 sec.
@I [HLS-100] Command "source /research/brg/install/bare-pkgs/x86_64-centos6/pkgs/xilinx-vivado-2015.2/Vivado_HLS/2015.2/common/technology/xilinx/interface/axi4.lib "
@I [HLS-100] Command 'ap_source' returned 0; elapsed 0Total elapsed time: 1.839 sec.
@I [HLS-100] Command "source /research/brg/install/bare-pkgs/x86_64-centos6/pkgs/xilinx-vivado-2015.2/Vivado_HLS/2015.2/common/technology/xilinx/interface/maxi.lib "
@I [HLS-100] Command 'ap_source' returned 0; elapsed 0Total elapsed time: 1.841 sec.
@I [HLS-100] Command "source /research/brg/install/bare-pkgs/x86_64-centos6/pkgs/xilinx-vivado-2015.2/Vivado_HLS/2015.2/common/technology/xilinx/interface/saxilite.lib "
@I [HLS-100] Command 'ap_source' returned 0; elapsed 0Total elapsed time: 1.853 sec.
@I [HLS-100] Command 'ap_source' returned 0; elapsed 0Total elapsed time: 1.854 sec.
@I [HLS-100] Command "source /research/brg/install/bare-pkgs/x86_64-centos6/pkgs/xilinx-vivado-2015.2/Vivado_HLS/2015.2/common/technology/xilinx/common/dsp48.lib "
@I [HLS-100] Command 'ap_source' returned 0; elapsed 0Total elapsed time: 1.855 sec.
@I [HLS-100] Command "source /research/brg/install/bare-pkgs/x86_64-centos6/pkgs/xilinx-vivado-2015.2/Vivado_HLS/2015.2/common/technology/xilinx/ip/dds_compiler.lib "
@I [HLS-100] Command 'ap_source' returned 0; elapsed 0Total elapsed time: 1.865 sec.
@I [HLS-100] Command "source /research/brg/install/bare-pkgs/x86_64-centos6/pkgs/xilinx-vivado-2015.2/Vivado_HLS/2015.2/common/technology/xilinx/ip/xfft.lib "
@I [HLS-100] Command 'ap_source' returned 0; elapsed 0Total elapsed time: 1.877 sec.
@I [HLS-100] Command "source /research/brg/install/bare-pkgs/x86_64-centos6/pkgs/xilinx-vivado-2015.2/Vivado_HLS/2015.2/common/technology/xilinx/ip/xfir.lib "
@I [HLS-100] Command 'ap_source' returned 0; elapsed 0Total elapsed time: 1.887 sec.
@I [HLS-100] Command 'ap_source' returned 0; elapsed 0Total elapsed time: 1.890 sec.
@I [HLS-100] Command "source /research/brg/install/bare-pkgs/x86_64-centos6/pkgs/xilinx-vivado-2015.2/Vivado_HLS/2015.2/common/technology/xilinx/common/xilinx_old.lib "
@I [HLS-100] Command 'ap_source' returned 0; elapsed 0Total elapsed time: 1.894 sec.
@I [HLS-100] Command "source /research/brg/install/bare-pkgs/x86_64-centos6/pkgs/xilinx-vivado-2015.2/Vivado_HLS/2015.2/common/technology/xilinx/common/xilinx_vivado.lib "
@I [HLS-100] Command 'ap_source' returned 0; elapsed 0Total elapsed time: 1.897 sec.
@I [HLS-100] Command "source /research/brg/install/bare-pkgs/x86_64-centos6/pkgs/xilinx-vivado-2015.2/Vivado_HLS/2015.2/common/technology/xilinx/common/xilinx.hlp "
@I [HLS-100] Command "source /research/brg/install/bare-pkgs/x86_64-centos6/pkgs/xilinx-vivado-2015.2/Vivado_HLS/2015.2/common/technology/xilinx/common/target_info.tcl "
@I [HLS-100] Command 'ap_source' returned 0; elapsed 0Total elapsed time: 1.913 sec.
@I [HLS-100] Command "source /research/brg/install/bare-pkgs/x86_64-centos6/pkgs/xilinx-vivado-2015.2/Vivado_HLS/2015.2/common/technology/xilinx/interface/xilinx_interface.hlp "
@I [HLS-100] Command "source /research/brg/install/bare-pkgs/x86_64-centos6/pkgs/xilinx-vivado-2015.2/Vivado_HLS/2015.2/common/technology/xilinx/interface/maxi.hlp "
@I [HLS-100] Command 'ap_source' returned 0; elapsed 0Total elapsed time: 1.922 sec.
@I [HLS-100] Command "source /research/brg/install/bare-pkgs/x86_64-centos6/pkgs/xilinx-vivado-2015.2/Vivado_HLS/2015.2/common/technology/xilinx/interface/saxilite.hlp "
@I [HLS-100] Command 'ap_source' returned 0; elapsed 0Total elapsed time: 1.929 sec.
@I [HLS-100] Command 'ap_source' returned 0; elapsed 0Total elapsed time: 1.929 sec.
@I [HLS-100] Command "source /research/brg/install/bare-pkgs/x86_64-centos6/pkgs/xilinx-vivado-2015.2/Vivado_HLS/2015.2/common/technology/xilinx/common/dsp48.hlp "
@I [HLS-100] Command 'ap_source' returned 0; elapsed 0Total elapsed time: 1.942 sec.
@I [HLS-100] Command 'ap_source' returned 0; elapsed 0Total elapsed time: 1.943 sec.
@I [HLS-100] Command "source /research/brg/install/bare-pkgs/x86_64-centos6/pkgs/xilinx-vivado-2015.2/Vivado_HLS/2015.2/common/technology/xilinx/zynq/dsp48e1.hlp "
@I [HLS-100] Command 'ap_source' returned 0; elapsed 0Total elapsed time: 1.948 sec.
@I [HLS-100] Command "get_default_platform "
@I [HLS-100] Command 'get_default_platform' returned 0; elapsed 0Total elapsed time: 1.948 sec.
@I [HLS-100] Command "config_chip_info -quiet -resource  {SLICE 13300}  {LUT 53200}     {FF 106400} {DSP48E 220}   {BRAM 280}  "
@I [HLS-100] Command 'config_chip_info' returned 0; elapsed 0Total elapsed time: 1.948 sec.
@I [HLS-100] Command "config_chip_info -quiet -speed medium "
@I [HLS-100] Command 'config_chip_info' returned 0; elapsed 0Total elapsed time: 1.948 sec.
@I [HLS-100] Command 'import_lib' returned 0; elapsed 0.01Total elapsed time: 1.950 sec.
@I [HLS-100] Command "source /research/brg/install/bare-pkgs/x86_64-centos6/pkgs/xilinx-vivado-2015.2/Vivado_HLS/2015.2/common/technology/xilinx/zynq/zynq.gen "
@I [HLS-100] Command "source /research/brg/install/bare-pkgs/x86_64-centos6/pkgs/xilinx-vivado-2015.2/Vivado_HLS/2015.2/common/technology/xilinx/common/virtex.gen "
@I [HLS-100] Command "source /research/brg/install/bare-pkgs/x86_64-centos6/pkgs/xilinx-vivado-2015.2/Vivado_HLS/2015.2/common/technology/xilinx/common/xilinx.gen "
@I [HLS-100] Command "source /research/brg/install/bare-pkgs/x86_64-centos6/pkgs/xilinx-vivado-2015.2/Vivado_HLS/2015.2/common/technology/xilinx/interface/plb46.gen "
@I [HLS-100] Command 'ap_source' returned 0; elapsed 0.01Total elapsed time: 1.966 sec.
@I [HLS-100] Command "source /research/brg/install/bare-pkgs/x86_64-centos6/pkgs/xilinx-vivado-2015.2/Vivado_HLS/2015.2/common/technology/xilinx/interface/fsl.gen "
@I [HLS-100] Command 'ap_source' returned 0; elapsed 0Total elapsed time: 1.977 sec.
@I [HLS-100] Command "source /research/brg/install/bare-pkgs/x86_64-centos6/pkgs/xilinx-vivado-2015.2/Vivado_HLS/2015.2/common/technology/xilinx/interface/axi4.gen "
@I [HLS-100] Command 'ap_source' returned 0; elapsed 0Total elapsed time: 1.982 sec.
@I [HLS-100] Command "source /research/brg/install/bare-pkgs/x86_64-centos6/pkgs/xilinx-vivado-2015.2/Vivado_HLS/2015.2/common/technology/xilinx/interface/nativeAXI4.gen "
@I [HLS-100] Command "source /research/brg/install/bare-pkgs/x86_64-centos6/pkgs/xilinx-vivado-2015.2/Vivado_HLS/2015.2/common/technology/xilinx/interface/saxilite.gen "
@I [HLS-100] Command 'ap_source' returned 0; elapsed 0Total elapsed time: 1.997 sec.
@I [HLS-100] Command "source /research/brg/install/bare-pkgs/x86_64-centos6/pkgs/xilinx-vivado-2015.2/Vivado_HLS/2015.2/common/technology/xilinx/interface/maxi.gen "
@I [HLS-100] Command 'ap_source' returned 0; elapsed 0.02Total elapsed time: 2.20 sec.
@I [HLS-100] Command 'ap_source' returned 0; elapsed 0.02Total elapsed time: 2.20 sec.
@I [HLS-100] Command "source /research/brg/install/bare-pkgs/x86_64-centos6/pkgs/xilinx-vivado-2015.2/Vivado_HLS/2015.2/common/technology/xilinx/scripts/xilinxcoregen.gen "
@I [HLS-100] Command 'ap_source' returned 0; elapsed 0.01Total elapsed time: 2.37 sec.
@I [HLS-100] Command "source /research/brg/install/bare-pkgs/x86_64-centos6/pkgs/xilinx-vivado-2015.2/Vivado_HLS/2015.2/common/technology/xilinx/interface/XilEDKCoreGen.gen "
@I [HLS-100] Command 'ap_source' returned 0; elapsed 0.01Total elapsed time: 2.52 sec.
@I [HLS-100] Command "source /research/brg/install/bare-pkgs/x86_64-centos6/pkgs/xilinx-vivado-2015.2/Vivado_HLS/2015.2/common/technology/xilinx/ip/dds_compiler.gen "
@I [HLS-100] Command 'ap_source' returned 0; elapsed 0Total elapsed time: 2.59 sec.
@I [HLS-100] Command "source /research/brg/install/bare-pkgs/x86_64-centos6/pkgs/xilinx-vivado-2015.2/Vivado_HLS/2015.2/common/technology/xilinx/ip/util.gen "
@I [HLS-100] Command 'ap_source' returned 0; elapsed 0Total elapsed time: 2.60 sec.
@I [HLS-100] Command "source /research/brg/install/bare-pkgs/x86_64-centos6/pkgs/xilinx-vivado-2015.2/Vivado_HLS/2015.2/common/technology/xilinx/ip/xfft.gen "
@I [HLS-100] Command 'ap_source' returned 0; elapsed 0.13Total elapsed time: 2.196 sec.
@I [HLS-100] Command "source /research/brg/install/bare-pkgs/x86_64-centos6/pkgs/xilinx-vivado-2015.2/Vivado_HLS/2015.2/common/technology/xilinx/ip/xfir.gen "
@I [HLS-100] Command "source /research/brg/install/bare-pkgs/x86_64-centos6/pkgs/xilinx-vivado-2015.2/Vivado_HLS/2015.2/tps/tcl/tcllib1.11.1/struct/list.tcl "
@I [HLS-100] Command "source /research/brg/install/bare-pkgs/x86_64-centos6/pkgs/xilinx-vivado-2015.2/Vivado_HLS/2015.2/tps/tcl/tcllib1.11.1/cmdline/cmdline.tcl "
@I [HLS-100] Command 'ap_source' returned 0; elapsed 0.01Total elapsed time: 2.242 sec.
@I [HLS-100] Command 'ap_source' returned 0; elapsed 0.01Total elapsed time: 2.242 sec.
@I [HLS-100] Command "source /research/brg/install/bare-pkgs/x86_64-centos6/pkgs/xilinx-vivado-2015.2/Vivado_HLS/2015.2/tps/tcl/tcllib1.11.1/math/bignum.tcl "
@I [HLS-100] Command 'ap_source' returned 0; elapsed 0Total elapsed time: 2.266 sec.
@I [HLS-100] Command 'ap_source' returned 0; elapsed 0.04Total elapsed time: 2.273 sec.
@I [HLS-100] Command 'ap_source' returned 0; elapsed 0.23Total elapsed time: 2.273 sec.
@I [HLS-100] Command "source /research/brg/install/bare-pkgs/x86_64-centos6/pkgs/xilinx-vivado-2015.2/Vivado_HLS/2015.2/common/technology/xilinx/common/dsp48.gen "
@I [HLS-100] Command 'ap_source' returned 0; elapsed 0.01Total elapsed time: 2.276 sec.
@I [HLS-100] Command 'ap_source' returned 0; elapsed 0.24Total elapsed time: 2.277 sec.
@I [HLS-100] Command 'ap_source' returned 0; elapsed 0.24Total elapsed time: 2.277 sec.
@I [HLS-100] Command "get_default_platform "
@I [HLS-100] Command 'get_default_platform' returned 0; elapsed 0Total elapsed time: 2.279 sec.
@I [HLS-100] Command "config_chip_info -quiet -resource  {SLICE 13300}  {LUT 53200}     {FF 106400} {DSP48E 220}   {BRAM 280}  "
@I [HLS-100] Command 'config_chip_info' returned 0; elapsed 0Total elapsed time: 2.279 sec.
@I [HLS-100] Command "config_chip_info -quiet -speed slow "
@I [HLS-100] Command 'config_chip_info' returned 0; elapsed 0Total elapsed time: 2.279 sec.
@I [HLS-100] Command 'add_library' returned 0; elapsed 0.27Total elapsed time: 2.281 sec.
@I [HLS-100] Command "add_library xilinx/zynq/zynq_fpv6 "
@I [HLS-100] Command "get_default_platform "
@I [HLS-100] Command 'get_default_platform' returned 0; elapsed 0Total elapsed time: 2.281 sec.
@I [HLS-100] Command "license_exists VIVADO_HLS "
@I [HLS-100] Command 'license_exists' returned 1; elapsed 0Total elapsed time: 2.289 sec.
@I [HLS-100] Command "license_exists ap_opencl "
@I [HLS-100] Command 'license_exists' returned 1; elapsed 0Total elapsed time: 2.295 sec.
@I [HLS-100] Command "license_exists ap_sdsoc "
@I [HLS-100] Command 'license_exists' returned 1; elapsed 0.01Total elapsed time: 2.300 sec.
@I [HLS-100] Command "license_exists AUTOESL_NI "
@I [HLS-100] Command 'license_exists' returned 1; elapsed 0Total elapsed time: 2.306 sec.
@I [HLS-100] Command "license_exists HLS "
@I [HLS-100] Command 'license_exists' returned 0; elapsed 0Total elapsed time: 2.306 sec.
@I [HLS-100] Command "open_platform DefaultPlatform "
@I [HLS-100] Command 'open_platform' returned 0; elapsed 0Total elapsed time: 2.307 sec.
@I [HLS-100] Command "import_lib /research/brg/install/bare-pkgs/x86_64-centos6/pkgs/xilinx-vivado-2015.2/Vivado_HLS/2015.2/common/technology/xilinx/zynq/zynq_fpv6 "
@I [HLS-100] Command "source /research/brg/install/bare-pkgs/x86_64-centos6/pkgs/xilinx-vivado-2015.2/Vivado_HLS/2015.2/common/technology/xilinx/common/xilinx_fpv7.lib "
@I [HLS-100] Command 'ap_source' returned 0; elapsed 0Total elapsed time: 2.319 sec.
@I [HLS-100] Command "source /research/brg/install/bare-pkgs/x86_64-centos6/pkgs/xilinx-vivado-2015.2/Vivado_HLS/2015.2/common/technology/xilinx/common/xilinx_fpv.hlp "
@I [HLS-100] Command "source /research/brg/install/bare-pkgs/x86_64-centos6/pkgs/xilinx-vivado-2015.2/Vivado_HLS/2015.2/common/technology/xilinx/common/xilinx.hlp "
@I [HLS-100] Command "source /research/brg/install/bare-pkgs/x86_64-centos6/pkgs/xilinx-vivado-2015.2/Vivado_HLS/2015.2/common/technology/xilinx/common/target_info.tcl "
@I [HLS-100] Command 'ap_source' returned 0; elapsed 0Total elapsed time: 2.339 sec.
@I [HLS-100] Command "source /research/brg/install/bare-pkgs/x86_64-centos6/pkgs/xilinx-vivado-2015.2/Vivado_HLS/2015.2/common/technology/xilinx/interface/xilinx_interface.hlp "
@I [HLS-100] Command "source /research/brg/install/bare-pkgs/x86_64-centos6/pkgs/xilinx-vivado-2015.2/Vivado_HLS/2015.2/common/technology/xilinx/interface/maxi.hlp "
@I [HLS-100] Command 'ap_source' returned 0; elapsed 0Total elapsed time: 2.341 sec.
@I [HLS-100] Command "source /research/brg/install/bare-pkgs/x86_64-centos6/pkgs/xilinx-vivado-2015.2/Vivado_HLS/2015.2/common/technology/xilinx/interface/saxilite.hlp "
@I [HLS-100] Command 'ap_source' returned 0; elapsed 0Total elapsed time: 2.341 sec.
@I [HLS-100] Command 'ap_source' returned 0; elapsed 0Total elapsed time: 2.341 sec.
@I [HLS-100] Command "source /research/brg/install/bare-pkgs/x86_64-centos6/pkgs/xilinx-vivado-2015.2/Vivado_HLS/2015.2/common/technology/xilinx/common/dsp48.hlp "
@I [HLS-100] Command 'ap_source' returned 0; elapsed 0Total elapsed time: 2.343 sec.
@I [HLS-100] Command 'ap_source' returned 0; elapsed 0Total elapsed time: 2.343 sec.
@I [HLS-100] Command 'ap_source' returned 0; elapsed 0Total elapsed time: 2.344 sec.
@I [HLS-100] Command 'import_lib' returned 0; elapsed 0.01Total elapsed time: 2.349 sec.
@I [HLS-100] Command "source /research/brg/install/bare-pkgs/x86_64-centos6/pkgs/xilinx-vivado-2015.2/Vivado_HLS/2015.2/common/technology/xilinx/zynq/zynq_fpv6.gen "
@I [HLS-100] Command "source /research/brg/install/bare-pkgs/x86_64-centos6/pkgs/xilinx-vivado-2015.2/Vivado_HLS/2015.2/common/technology/xilinx/common/xilinx_fpv6.gen "
@I [HLS-100] Command 'ap_source' returned 0; elapsed 0.01Total elapsed time: 2.355 sec.
@I [HLS-100] Command 'ap_source' returned 0; elapsed 0.01Total elapsed time: 2.355 sec.
@I [HLS-100] Command 'add_library' returned 0; elapsed 0.03Total elapsed time: 2.357 sec.
@I [HLS-10] Setting target device to 'xc7z020clg484-1'
@I [HLS-100] Command 'set_part' returned 0; elapsed 0.3Total elapsed time: 2.357 sec.
@I [HLS-100] Command "create_clock -period 10 "
@I [HLS-100] Command "config_clock -quiet -name default -period 10 -default=false "
@I [SYN-201] Setting up clock 'default' with a period of 10ns.
@I [HLS-100] Command 'config_clock' returned 0; elapsed 0Total elapsed time: 2.360 sec.
@I [HLS-100] Command 'create_clock' returned 0; elapsed 0.01Total elapsed time: 2.360 sec.
@I [HLS-100] Command "csim_design "
@I [HLS-100] Command "is_encrypted /home/student/mq58/MengProj/meng-reconfigurable-computing/cordic_tutorial/amdpool/cordic_test.cpp "
@I [HLS-100] Command 'is_encrypted' returned 0; elapsed 0Total elapsed time: 2.411 sec.
@I [HLS-100] Command "is_encrypted /home/student/mq58/MengProj/meng-reconfigurable-computing/cordic_tutorial/amdpool/cordic.cpp "
@I [HLS-100] Command 'is_encrypted' returned 0; elapsed 0Total elapsed time: 2.411 sec.
@I [HLS-100] Command "source run_sim.tcl "
@I [HLS-100] Command 'ap_source' returned 0; elapsed 0.02Total elapsed time: 7.255 sec.
@I [SIM-1] CSim done with 0 errors.
@I [HLS-100] Command 'csim_design' returned 0; elapsed 0.05Total elapsed time: 7.257 sec.
@I [HLS-100] Command "csynth_design "
@I [HLS-100] Command "elaborate -effort=medium -skip_syncheck=0 -lm=0 -skip_cdt=0 -skip_transform=0 -ng=0 -g=0 -opt_fp=0 "
@I [HLS-10] Analyzing design file 'cordic.cpp' ... 
@0 [HLS-0] Analyzing design file 'cordic.cpp' ... 
@I [HLS-0] Compiling one TU...
@I [HLS-0] 
Checking before pre-process: exec clang -fno-limit-debug-info -gcc-toolchain "/research/brg/install/bare-pkgs/x86_64-centos6/pkgs/xilinx-vivado-2015.2/Vivado_HLS/2015.2/lnx64/tools/gcc" -hls    -fno-math-errno -c -emit-llvm -O0  -mllvm -disable-llvm-optzns -fno-threadsafe-statics  -fno-use-cxa-atexit  -fno-threadsafe-statics -fno-use-cxa-atexit   -I "/research/brg/install/bare-pkgs/x86_64-centos6/pkgs/xilinx-vivado-2015.2/Vivado_HLS/2015.2/lnx64/tools/systemc/include" -I "/research/brg/install/bare-pkgs/x86_64-centos6/pkgs/xilinx-vivado-2015.2/Vivado_HLS/2015.2/include" -I "/research/brg/install/bare-pkgs/x86_64-centos6/pkgs/xilinx-vivado-2015.2/Vivado_HLS/2015.2/include/ap_sysc" -fexceptions -I "/research/brg/install/bare-pkgs/x86_64-centos6/pkgs/xilinx-vivado-2015.2/Vivado_HLS/2015.2/common/technology/autopilot" -include etc/autopilot_ssdm_op.h "cordic.cpp"  -o "/home/student/mq58/MengProj/meng-reconfigurable-computing/cordic_tutorial/amdpool/cordic.prj/solution1/.autopilot/db/cordic.pp.00.o"

@I [HLS-100] Command "is_encrypted /home/student/mq58/MengProj/meng-reconfigurable-computing/cordic_tutorial/amdpool/cordic.prj/solution1/.autopilot/db/cordic.pp.00.o "
@I [HLS-100] Command 'is_encrypted' returned 0; elapsed 0Total elapsed time: 8.578 sec.
@I [HLS-0] Syntax Checker time: 1 seconds per iteration
@I [HLS-0] 
Source preprocessing: exec clang -fno-limit-debug-info -gcc-toolchain "/research/brg/install/bare-pkgs/x86_64-centos6/pkgs/xilinx-vivado-2015.2/Vivado_HLS/2015.2/lnx64/tools/gcc" -hls -fno-exceptions  -D__llvm__  -CC -E "cordic.cpp"     -fno-math-errno -c -emit-llvm -O0  -mllvm -disable-llvm-optzns -fno-threadsafe-statics  -fno-use-cxa-atexit  -fno-threadsafe-statics -fno-use-cxa-atexit -DAESL_SYN -D__SYNTHESIS__ -D__HLS_SYN__ -I "/research/brg/install/bare-pkgs/x86_64-centos6/pkgs/xilinx-vivado-2015.2/Vivado_HLS/2015.2/common/technology/autopilot" -I "/research/brg/install/bare-pkgs/x86_64-centos6/pkgs/xilinx-vivado-2015.2/Vivado_HLS/2015.2/common/technology/autopilot/ap_sysc" -include etc/autopilot_ssdm_op.h  -o "/home/student/mq58/MengProj/meng-reconfigurable-computing/cordic_tutorial/amdpool/cordic.prj/solution1/.autopilot/db/cordic.pp.0.cpp"

@I [HLS-0] GCC PP time: 0 seconds per iteration
@I [HLS-100] Command "list_core -type functional_unit "
@I [HLS-100] Command 'list_core' returned 0; elapsed 0Total elapsed time: 8.862 sec.
@I [HLS-0] Marker-Pragma convertor: /home/student/mq58/MengProj/meng-reconfigurable-computing/cordic_tutorial/amdpool/cordic.prj/solution1/.autopilot/db/cordic.pp.0.cpp /home/student/mq58/MengProj/meng-reconfigurable-computing/cordic_tutorial/amdpool/cordic.prj/solution1/.autopilot/db/cordic.pp.0.cpp.ap-line.cpp /home/student/mq58/MengProj/meng-reconfigurable-computing/cordic_tutorial/amdpool/cordic.prj/solution1/.autopilot/db/cordic.pp.0.cpp.ap-line.cpp.CXX 1
@I [HLS-0] 
Source processor: exec /research/brg/install/bare-pkgs/x86_64-centos6/pkgs/xilinx-vivado-2015.2/Vivado_HLS/2015.2/tps/lnx64/jre/bin/java -Xmx512m -classpath   "/research/brg/install/bare-pkgs/x86_64-centos6/pkgs/xilinx-vivado-2015.2/Vivado_HLS/2015.2/lib/classes/autopilot.sourceprocessor.jar:/research/brg/install/bare-pkgs/x86_64-centos6/pkgs/xilinx-vivado-2015.2/Vivado_HLS/2015.2/lib/classes/org.eclipse.cdt.core_5.3.0.xilinx_patch.jar:/research/brg/install/bare-pkgs/x86_64-centos6/pkgs/xilinx-vivado-2015.2/Vivado_HLS/2015.2/lib/classes/org.eclipse.core.runtime_3.7.0.v20110110.jar:/research/brg/install/bare-pkgs/x86_64-centos6/pkgs/xilinx-vivado-2015.2/Vivado_HLS/2015.2/lib/classes/org.eclipse.equinox.common_3.6.0.v20110523.jar:/research/brg/install/bare-pkgs/x86_64-centos6/pkgs/xilinx-vivado-2015.2/Vivado_HLS/2015.2/lib/classes/com.ibm.icu_4.4.2.v20110208.jar:/research/brg/install/bare-pkgs/x86_64-centos6/pkgs/xilinx-vivado-2015.2/Vivado_HLS/2015.2/lib/classes/jargs.jar:/research/brg/install/bare-pkgs/x86_64-centos6/pkgs/xilinx-vivado-2015.2/Vivado_HLS/2015.2/lnx64/tools/eclipse/plugins/org.eclipse.emf.common_2.10.0.v20140514-1158.jar:/research/brg/install/bare-pkgs/x86_64-centos6/pkgs/xilinx-vivado-2015.2/Vivado_HLS/2015.2/lnx64/tools/eclipse/plugins/org.eclipse.emf.ecore_2.10.0.v20140514-1158.jar:/research/brg/install/bare-pkgs/x86_64-centos6/pkgs/xilinx-vivado-2015.2/Vivado_HLS/2015.2/lnx64/tools/eclipse/plugins/org.eclipse.emf.ecore.xmi_2.10.0.v20140514-1158.jar:/research/brg/install/bare-pkgs/x86_64-centos6/pkgs/xilinx-vivado-2015.2/Vivado_HLS/2015.2/lnx64/tools/eclipse/plugins/com.autoesl.autopilot.ui.directiveFileModel_1.0.0.jar:/research/brg/install/bare-pkgs/x86_64-centos6/pkgs/xilinx-vivado-2015.2/Vivado_HLS/2015.2/lnx64/tools/eclipse/plugins/com.autoesl.autopilot.ui.common_1.0.0.jar"  autopilot.sourceprocessor.CParser  "/home/student/mq58/MengProj/meng-reconfigurable-computing/cordic_tutorial/amdpool/cordic.prj/solution1/.autopilot/db/cordic.pp.0.cpp.ap-line.cpp"  -m "dut" -o "/home/student/mq58/MengProj/meng-reconfigurable-computing/cordic_tutorial/amdpool/cordic.prj/solution1/.autopilot/db/cordic.pp.0.cpp.ap-cdt.cpp" --pp --directive /home/student/mq58/MengProj/meng-reconfigurable-computing/cordic_tutorial/amdpool/cordic.prj/solution1/solution1.directive --source /home/student/mq58/MengProj/meng-reconfigurable-computing/cordic_tutorial/amdpool/cordic.cpp --error /home/student/mq58/MengProj/meng-reconfigurable-computing/cordic_tutorial/amdpool/cordic.prj/solution1/.autopilot/db --funcunit "AddSub AddSub_DSP AddSubnS DAddSub_fulldsp DAddSub_nodsp DDiv DExp_fulldsp DExp_meddsp DExp_nodsp DLog_fulldsp DLog_meddsp DLog_nodsp DMul_fulldsp DMul_maxdsp DMul_meddsp DMul_nodsp DRSqrt DRecip DSqrt DivnS FAddSub_fulldsp FAddSub_nodsp FDiv FExp_fulldsp FExp_meddsp FExp_nodsp FLog_fulldsp FLog_meddsp FLog_nodsp FMul_fulldsp FMul_maxdsp FMul_meddsp FMul_nodsp FRSqrt_fulldsp FRSqrt_nodsp FRecip_fulldsp FRecip_nodsp FSqrt Mul Mul2S Mul3S Mul4S Mul5S Mul6S MulnS MuxnS" --ve --vetcl /home/student/mq58/MengProj/meng-reconfigurable-computing/cordic_tutorial/amdpool/cordic.prj/solution1/.autopilot/db --ca --es --gf --df --pd --p2d /home/student/mq58/MengProj/meng-reconfigurable-computing/cordic_tutorial/amdpool/cordic.prj/solution1/.autopilot/db --sd --scff /home/student/mq58/MengProj/meng-reconfigurable-computing/cordic_tutorial/amdpool/cordic.prj/solution1/.autopilot/db/.systemc_flag --ad

@I [HLS-0] Error:Syntax error in source:for (__decltype(__n + 0) __niter = __n;
Error:Missing ; in source:t
Error:Syntax error in source:)
 *__first = __value;
Error:Syntax error in source:for (__decltype(__n + 0) __niter = __n;
Error:Missing ; in source:t
Error:Syntax error in source:)
 *__first = __tmp;
@I [HLS-0] Marker-Pragma convertor: /home/student/mq58/MengProj/meng-reconfigurable-computing/cordic_tutorial/amdpool/cordic.prj/solution1/.autopilot/db/cordic.pp.0.cpp.ap-cdt.cpp /home/student/mq58/MengProj/meng-reconfigurable-computing/cordic_tutorial/amdpool/cordic.prj/solution1/.autopilot/db/cordic.pragma.0.cpp /home/student/mq58/MengProj/meng-reconfigurable-computing/cordic_tutorial/amdpool/cordic.prj/solution1/.autopilot/db/cordic.pragma.0.cpp.ap-line.CXX 0
@I [HLS-100] Command "source /home/student/mq58/MengProj/meng-reconfigurable-computing/cordic_tutorial/amdpool/cordic.prj/solution1/.autopilot/db/pragma.status.tcl "
@I [HLS-100] Command 'ap_source' returned 0; elapsed 0Total elapsed time: 23.210 sec.
@I [HLS-0] CDT processor time: 14 seconds per iteration
@I [HLS-0] Pragma handling time: 1 seconds per iteration
@I [HLS-0] 
Source preprocessing: exec clang -fno-limit-debug-info -gcc-toolchain "/research/brg/install/bare-pkgs/x86_64-centos6/pkgs/xilinx-vivado-2015.2/Vivado_HLS/2015.2/lnx64/tools/gcc" -hls -fno-exceptions  -D__llvm__  -CC -E "/home/student/mq58/MengProj/meng-reconfigurable-computing/cordic_tutorial/amdpool/cordic.prj/solution1/.autopilot/db/cordic.pragma.1.cpp"     -fno-math-errno -c -emit-llvm -O0  -mllvm -disable-llvm-optzns -fno-threadsafe-statics  -fno-use-cxa-atexit  -fno-threadsafe-statics -fno-use-cxa-atexit -DAESL_SYN -D__SYNTHESIS__ -D__HLS_SYN__ -I "/research/brg/install/bare-pkgs/x86_64-centos6/pkgs/xilinx-vivado-2015.2/Vivado_HLS/2015.2/common/technology/autopilot" -I "/research/brg/install/bare-pkgs/x86_64-centos6/pkgs/xilinx-vivado-2015.2/Vivado_HLS/2015.2/common/technology/autopilot/ap_sysc" -include etc/autopilot_ssdm_op.h  -o "/home/student/mq58/MengProj/meng-reconfigurable-computing/cordic_tutorial/amdpool/cordic.prj/solution1/.autopilot/db/cordic.pragma.2.cpp"

@I [HLS-0] exec clang -fno-limit-debug-info -gcc-toolchain /research/brg/install/bare-pkgs/x86_64-centos6/pkgs/xilinx-vivado-2015.2/Vivado_HLS/2015.2/lnx64/tools/gcc -hls -hls-analyze-label -hls-analyze-pragma -fno-exceptions  -D__llvm__  -w  "/home/student/mq58/MengProj/meng-reconfigurable-computing/cordic_tutorial/amdpool/cordic.prj/solution1/.autopilot/db/cordic.pragma.2.cpp"    -fno-math-errno -c -emit-llvm -O0  -mllvm -disable-llvm-optzns -fno-threadsafe-statics  -fno-use-cxa-atexit -DAESL_SYN -D__SYNTHESIS__ -D__HLS_SYN__ -I "/research/brg/install/bare-pkgs/x86_64-centos6/pkgs/xilinx-vivado-2015.2/Vivado_HLS/2015.2/common/technology/autopilot" -I "/research/brg/install/bare-pkgs/x86_64-centos6/pkgs/xilinx-vivado-2015.2/Vivado_HLS/2015.2/common/technology/autopilot/ap_sysc" -include etc/autopilot_ssdm_op.h -g -o "/home/student/mq58/MengProj/meng-reconfigurable-computing/cordic_tutorial/amdpool/cordic.prj/solution1/.autopilot/db/cordic.g.bc"
@I [HLS-100] Command "source /home/student/mq58/MengProj/meng-reconfigurable-computing/cordic_tutorial/amdpool/cordic.prj/solution1/.autopilot/db/ve_warning.tcl "
@I [HLS-100] Command 'ap_source' returned 0; elapsed 0Total elapsed time: 25.507 sec.
@I [HLS-10] Validating synthesis directives ...
@0 [HLS-0] Validating synthesis directives ...
@I [HLS-100] Command "source /home/student/mq58/MengProj/meng-reconfigurable-computing/cordic_tutorial/amdpool/cordic.prj/solution1/.autopilot/db/pragma.status.tcl "
@I [HLS-100] Command 'ap_source' returned 0; elapsed 0Total elapsed time: 25.509 sec.
@I [HLS-0] Linking all ...
@I [HLS-0] exec llvm-ld  "/home/student/mq58/MengProj/meng-reconfigurable-computing/cordic_tutorial/amdpool/cordic.prj/solution1/.autopilot/db/cordic.bc"  -disable-opt  -L/research/brg/install/bare-pkgs/x86_64-centos6/pkgs/xilinx-vivado-2015.2/Vivado_HLS/2015.2/lnx64/lib -lm_basic -o "/home/student/mq58/MengProj/meng-reconfigurable-computing/cordic_tutorial/amdpool/cordic.prj/solution1/.autopilot/db/a.o.pre"
@I [HLS-0] Link time: 0 seconds per iteration
@I [HLS-0] Linking all ...
@I [HLS-0] exec llvm-ld  "/home/student/mq58/MengProj/meng-reconfigurable-computing/cordic_tutorial/amdpool/cordic.prj/solution1/.autopilot/db/cordic.g.bc"  -disable-opt  -L/research/brg/install/bare-pkgs/x86_64-centos6/pkgs/xilinx-vivado-2015.2/Vivado_HLS/2015.2/lnx64/lib -lm_basic -o "/home/student/mq58/MengProj/meng-reconfigurable-computing/cordic_tutorial/amdpool/cordic.prj/solution1/.autopilot/db/a.g.pre"
@I [HLS-0] Link time: 0 seconds per iteration
@I [HLS-100] Command "opt_and_import_c a -opt_level=2 -skip_syncheck=0 -ng=0 "
@I [HLS-100] Command "cleanup_all_models "
@I [HLS-100] Command 'cleanup_all_models' returned 0; elapsed 0Total elapsed time: 25.977 sec.
@I [HLS-10] Starting code transformations ...
@0 [HLS-0] Starting code transformations ...
@I [HLS-0] std xform: transform -hls -share-std-xform -always-inline -promote-dbg-pointer  -interface-preproc  -scalarrepl -mem2reg -keep-read-access -instcombine -dce  -promote-dbg-pointer  -bitop-raise  -indvars -loop-simplify -xunroll  -constprop -instcombine -simplifycfg -indvars  -simplifycfg -dce -globaldce  -basicaa  -simplifycfg -mem2reg -globalopt  -global-constprop -deadargelim -instcombine -simplifycfg  -prune-eh -simplifycfg  -scalarrepl -instcombine -reassociate -licm  -simplifycfg -loop-simplify -indvars -instcombine  -simplifycfg -mem2reg -loop-simplify -indvars -instcombine  -gvn -gvn -instcombine -adce  -break-crit-edges  -simplifycfg -loop-delete  -global-array-opt -dce -dse -adce  -find-syn-modules -top dut  -deadargelim  -mem2reg -instcombine -dce  -presyn-prepare -auto-rom-infer  -interface-preproc  -syn-check -check-rec-only  -find-region -simplifycfg -func-extr -function-inline  -globaldce -mem2reg -instcombine -dce   -gvn -globaldce -adce -adse  -constprop -instcombine -bit-constprop  -instcombine -dce -simplifycfg -bitop-raise  -simplifycfg -dce -loop-delete -reassociate  -globalopt -global-privatize -mem2reg -dce  -global-constprop -pointer-simplify -constprop -dce  -func-inst -deadargelim  -promote-dbg-pointer  -norm-name   /home/student/mq58/MengProj/meng-reconfigurable-computing/cordic_tutorial/amdpool/cordic.prj/solution1/.autopilot/db/a.g.0.bc -o /home/student/mq58/MengProj/meng-reconfigurable-computing/cordic_tutorial/amdpool/cordic.prj/solution1/.autopilot/db/a.g.1.bc -f  -phase std-opt
@I [HLS-0] Std xform time: 0 seconds per iteration
@I [HLS-100] Command "is_encrypted /home/student/mq58/MengProj/meng-reconfigurable-computing/cordic_tutorial/amdpool/cordic.prj/solution1/.autopilot/db/a.g.1.bc "
@I [HLS-100] Command 'is_encrypted' returned 0; elapsed 0Total elapsed time: 26.227 sec.
@I [HLS-10] Checking synthesizability ...
@0 [HLS-0] Checking synthesizability ...
@I [HLS-0] syn check 1/2: transform -hls -syn-check -check-rec-only -disaggr -scalarrepl -norm-name -dce  -mem2reg -instcombine  -function-uniquify -directive-preproc -mem2reg -dse -dce -auto-rom-infer -dce  -array-normalize -instcombine -dce  -array-seg-normalize -instcombine -dce  -array-flatten -instcombine -dce  -array-burst -dce  -deadargelim -promote-global-argument  -function-inline -globaldce -dce  -doublePtrSimplify -doublePtrElim -dce  -doublePtrSimplify -promote-dbg-pointer  -dce -scalarrepl -dse -adse -instcombine  -ptrLegalization  -simplifycfg -dce -instcombine  -pointer-simplify -ptrArgReplace -dce -instcombine   -disaggr -scalarrepl -norm-name -dce  -mem2reg -instcombine -ptrLegalization   -simplifycfg -deadargelim  -instcombine -dce -inst-simplify  -function-uniquify -directive-preproc -mem2reg -dse -dce  -globaldce    /home/student/mq58/MengProj/meng-reconfigurable-computing/cordic_tutorial/amdpool/cordic.prj/solution1/.autopilot/db/a.g.1.bc -o /home/student/mq58/MengProj/meng-reconfigurable-computing/cordic_tutorial/amdpool/cordic.prj/solution1/.autopilot/db/a.g.2.prechk.bc -f
@I [XFORM-602] Inlining function 'cordic' into 'dut' (cordic.cpp:32) automatically.
@I [HLS-0] Syn check 1/2 time: 0 seconds per iteration
@I [HLS-0] syn check 2/2: transform -syn-check   /home/student/mq58/MengProj/meng-reconfigurable-computing/cordic_tutorial/amdpool/cordic.prj/solution1/.autopilot/db/a.g.2.prechk.bc -o /home/student/mq58/MengProj/meng-reconfigurable-computing/cordic_tutorial/amdpool/cordic.prj/solution1/.autopilot/db/a.g.2.bc -f  -phase syn-check
@I [HLS-0] Syn check 2/2 time: 0 seconds per iteration
@I [HLS-0] Compiler optimizing ...
@I [HLS-0] Share syncheck's 1.bc for syn flow: copy /home/student/mq58/MengProj/meng-reconfigurable-computing/cordic_tutorial/amdpool/cordic.prj/solution1/.autopilot/db/a.g.1.bc to /home/student/mq58/MengProj/meng-reconfigurable-computing/cordic_tutorial/amdpool/cordic.prj/solution1/.autopilot/db/a.o.1.bc
@I [HLS-0] presyn 1: transform -hls -tmp /home/student/mq58/MengProj/meng-reconfigurable-computing/cordic_tutorial/amdpool/cordic.prj/solution1/.autopilot/db -type-info  -function-uniquify -directive-preproc -mem2reg -dse -dce  -disaggr -scalarrepl -norm-name -deadargelim  -mem2reg -instcombine -dce -auto-rom-infer -dce -function-uniquify  -clib-intrinsic-prepare -dce  -func-buffer -dce -array-normalize  -func-legal -instcombine -gvn -constprop -dce   -ptrArgReplace -mem2reg -instcombine -dce  -array-seg-normalize -deadargelim  -instcombine -dce  -pointer-simplify -dce  -port-alignment -dce  -interface-preproc  -data-pack -instcombine -dce   -basicaa -aggr-aa -aggrmodref-aa -aggr-aa -gvn -gvn  -basicaa -aggr-aa -aggrmodref-aa -aggr-aa -dse -adse -adce  -loop-simplify -indvars -instcombine  -gvn -loop-simplify -mem2reg -dce -simplifycfg  -find-region -instcombine  -auto-loop-pipeline  -inst-simplify  -interface-preproc  -indvars -auto-loop-unroll -loop-simplify -loop-bound -xunroll  -constprop -instcombine -simplifycfg -indvars  -simplifycfg -dce -globaldce  -attach-range  -gvn -disable-agg-range -inst-simplify  -constprop -simplifycfg -dce  -pointer-simplify -dce  -globalopt -constprop -dce  -array-promote -constprop -instcombine -dce  -ptrArgReplace -mem2reg  -instcombine -simplifycfg -dce  -auto-par -instcombine -dce  -array-transform-check  -array-reshape -instcombine -simplifycfg -dce  -ptrArgReplace -deadargelim -mem2reg  -instcombine -simplifycfg -dce   -array-partition -instcombine -simplifycfg -dce  -ptrArgReplace -global-constprop -deadargelim -mem2reg  -func-legal -instcombine -dce -global-constprop -deadargelim -mem2reg  -instcombine -simplifycfg -dce   -globalopt -constprop -dce  -array-promote -constprop -instcombine -dce  -ptrArgReplace -mem2reg  -instcombine -simplifycfg -dce   -mem-intrinsic-preproc -dce  -global-privatize  -mem2reg -globaldce  -promote-global-argument  -ptrArgReplace -mem2reg -instcombine -dce  -globalopt -mergereturn -simplify-global-access -mem2reg -dce  -pointer-simplify -dce  -functionattrs  -basicaa -aggr-aa -aggrmodref-aa -aggr-aa -gvn -gvn  -basicaa -aggr-aa -aggrmodref-aa -aggr-aa -dse -adse -adce  -inst-simplify -dce -norm-name  -function-inline -globaldce  -func-inst -constprop -instcombine -simplifycfg -dce  -func-legal -dce   -loop-bound  -arraycheck -bitwidthmin -on-by-dataflow  -loop-delete -instcombine -simplifycfg -dce -loop-simplify -clean-region -simplifycfg -loop-stream -instcombine -simplifycfg -dce -globaldce  -stream-intrinsic-preproc -dce  -check-ap-stream -check-dataflow-syntax  -legalize-stream-variable -legalize-global -legalize-global-1  -extract-subproc -scalar-propagation -globaldce -mem2reg  -check-dataflow-channels -function-stream -dce -globaldce  -prop-fifo-spec -internal-stream-gen  -array-streaming -instcombine -simplifycfg -dce    -function-uniquify -directive-preproc -mem2reg -dse -dce  -group-axi-access    -simplifycfg -dce -loop-delete  -norm-name  /home/student/mq58/MengProj/meng-reconfigurable-computing/cordic_tutorial/amdpool/cordic.prj/solution1/.autopilot/db/a.o.1.bc -o /home/student/mq58/MengProj/meng-reconfigurable-computing/cordic_tutorial/amdpool/cordic.prj/solution1/.autopilot/db/a.o.1.tmp.bc -f
@I [XFORM-602] Inlining function 'cordic' into 'dut' (cordic.cpp:32) automatically.
@I [HLS-0] Presyn 1 time: 0 seconds per iteration
@I [HLS-0] presyn 2: transform -hls -keep-callgraph -scalarrepl -mem2reg  -port-alignment -attach-range -dce  -pipe-mux-gen  -indvars -loop-bound  -inst-simplify -instcombine -dce  -merge-array-access -mem2reg -dce  -clean-region -mergereturn -if-conv  -instcombine -dce -constprop  -basicaa -aggr-aa -aggrmodref-aa -aggr-aa -gvn -gvn  -basicaa -aggr-aa -aggrmodref-aa -aggr-aa -dse -adse -adce  -scalarrepl -mem2reg  -global-constprop -deadargelim -deadargelim  -instcombine -dce -simplifycfg    -ptrArgReplace -mem2reg -function-inline  -globaldce -mem2reg -instcombine -dce -expr-balance  -instcombine -dce  -bitwidthmin  -directive-preproc  -inst-rectify -instcombine -dce  -functionattrs  -constprop -instcombine -bit-constprop  -simplify-global-access  -globalopt -globaldce  -inst-simplify -instcombine -elimdeaddata -dce  -loop-delete -simplifycfg   -norm-name /home/student/mq58/MengProj/meng-reconfigurable-computing/cordic_tutorial/amdpool/cordic.prj/solution1/.autopilot/db/a.o.1.tmp.bc -o /home/student/mq58/MengProj/meng-reconfigurable-computing/cordic_tutorial/amdpool/cordic.prj/solution1/.autopilot/db/a.o.2.bc -f  -phase presyn
@I [HLS-0] Presyn 2 time: 0 seconds per iteration
@I [HLS-100] Command "is_encrypted /home/student/mq58/MengProj/meng-reconfigurable-computing/cordic_tutorial/amdpool/cordic.prj/solution1/.autopilot/db/a.o.2.bc "
@I [HLS-100] Command 'is_encrypted' returned 0; elapsed 0Total elapsed time: 26.669 sec.
@I [HLS-0] build ssdm: transform -hls -function-uniquify -auto-function-inline -globaldce  -ptrArgReplace -mem2reg -instcombine -dce  -loop-simplify -indvars -licm -loop-dep  -loop-bound -licm -loop-simplify -flattenloopnest  -array-flatten -gvn -instcombine -dce  -array-map -dce -func-legal  -gvn -adce -instcombine -cfgopt -simplifycfg -loop-simplify   -array-burst -promote-global-argument -dce  -axi4-lower -array-seg-normalize  -basicaa -aggrmodref-aa -globalsmodref-aa -aggr-aa -gvn -gvn  -basicaa -aggrmodref-aa -globalsmodref-aa -aggr-aa -dse -adse -adce -licm  -inst-simplify -dce  -globaldce -array-streaming -instcombine  -dce   -deadargelim -doublePtrSimplify  -doublePtrElim -dce -doublePtrSimplify -promote-dbg-pointer  -dce -scalarrepl -mem2reg -disaggr -norm-name -mem2reg  -instcombine  -dse -adse -adce -ptrLegalization -dce -auto-rom-infer -array-flatten -dce -instcombine  -loop-rot -constprop -cfgopt -simplifycfg -loop-simplify -indvars -pointer-simplify -dce -loop-bound  -loop-simplify -loop-preproc  -constprop -global-constprop -gvn -mem2reg -instcombine -dce  -loop-merge -dce  -bitwidthmin  -scalar-propagation -globaldce -mem2reg  -interface-preproc -interface-gen  -deadargelim -directive-preproc -inst-simplify -dce  -gvn -mem2reg -instcombine -dce -adse  -loop-bound  -instcombine -cfgopt -simplifycfg -loop-simplify  -clean-region -io-protocol  -find-region -mem2reg  -bitop-raise  -inst-simplify -inst-rectify -instcombine -adce -deadargelim  -loop-simplify -phi-opt -bitop-raise  -cfgopt -simplifycfg -strip-dead-prototypes  -interface-lower -bitop-lower -intrinsic-lower -auto-function-inline  -basicaa -aggrmodref-aa -globalsmodref-aa -aggr-aa  -inst-simplify -simplifycfg   -mergereturn -inst-simplify -inst-rectify  -dce -bitop-lower  -loop-rewind -pointer-simplify -dce -cfgopt  -norm-name -legalize -read-loop-dep -dce -bitwidth   -cdfg-build  /home/student/mq58/MengProj/meng-reconfigurable-computing/cordic_tutorial/amdpool/cordic.prj/solution1/.autopilot/db/a.o.2.bc -o /home/student/mq58/MengProj/meng-reconfigurable-computing/cordic_tutorial/amdpool/cordic.prj/solution1/.autopilot/db/a.o.3.bc -f  -phase build-ssdm
@I [HLS-0] Build ssdm time: 0 seconds per iteration
@I [HLS-100] Command "is_encrypted /home/student/mq58/MengProj/meng-reconfigurable-computing/cordic_tutorial/amdpool/cordic.prj/solution1/.autopilot/db/a.o.3.bc "
@I [HLS-100] Command 'is_encrypted' returned 0; elapsed 0Total elapsed time: 26.899 sec.
@I [HLS-0] Finish building internal data model.
@I [HLS-100] Command 'opt_and_import_c' returned 0; elapsed 0.58Total elapsed time: 26.949 sec.
@I [HLS-111] Elapsed time: 4.11 seconds; current memory usage: 0.157 MB.
@I [HLS-100] Command 'elaborate' returned 0; elapsed 3.36Total elapsed time: 26.949 sec.
@I [HLS-100] Command "autosyn "
@I [HLS-10] Starting hardware synthesis ...
@0 [HLS-0] Starting hardware synthesis ...
@I [HLS-0] Synthesizing C/C++ design ...
@I [HLS-10] Synthesizing 'dut' ...
@0 [HLS-0] Synthesizing 'dut' ...
@I [HLS-100] Command "ap_set_top_model dut "
@I [HLS-100] Command 'ap_set_top_model' returned 0; elapsed 0Total elapsed time: 26.950 sec.
@I [HLS-100] Command "get_model_list dut -filter all-wo-channel -topdown "
@I [HLS-100] Command 'get_model_list' returned 0; elapsed 0Total elapsed time: 26.950 sec.
@I [HLS-100] Command "preproc_iomode -model dut "
@I [HLS-100] Command 'preproc_iomode' returned 0; elapsed 0Total elapsed time: 26.965 sec.
@I [HLS-100] Command "get_model_list dut -filter all-wo-channel "
@I [HLS-100] Command 'get_model_list' returned 0; elapsed 0Total elapsed time: 26.965 sec.
@I [HLS-0] Model list for configure: dut
@I [HLS-0] Configuring Module : dut ...
@I [HLS-100] Command "set_default_model dut "
@I [HLS-100] Command 'set_default_model' returned 0; elapsed 0Total elapsed time: 26.966 sec.
@I [HLS-100] Command "apply_spec_resource_limit dut "
@I [HLS-100] Command 'apply_spec_resource_limit' returned 0; elapsed 0Total elapsed time: 26.966 sec.
@I [HLS-0] Model list for preprocess: dut
@I [HLS-0] Preprocessing Module: dut ...
@I [HLS-100] Command "set_default_model dut "
@I [HLS-100] Command 'set_default_model' returned 0; elapsed 0Total elapsed time: 26.966 sec.
@I [HLS-100] Command "cdfg_preprocess -model dut "
@I [HLS-100] Command 'cdfg_preprocess' returned 0; elapsed 0Total elapsed time: 26.966 sec.
@I [HLS-100] Command "rtl_gen_preprocess dut "
@I [HLS-100] Command 'rtl_gen_preprocess' returned 0; elapsed 0Total elapsed time: 26.967 sec.
@I [HLS-0] Model list for synthesis: dut
@I [HLS-10] ----------------------------------------------------------------
@0 [HLS-0] ----------------------------------------------------------------
@I [HLS-10] -- Scheduling module 'dut' 
@0 [HLS-0] -- Scheduling module 'dut' 
@I [HLS-10] ----------------------------------------------------------------
@0 [HLS-0] ----------------------------------------------------------------
@I [HLS-100] Command "set_default_model dut "
@I [HLS-100] Command 'set_default_model' returned 0; elapsed 0Total elapsed time: 26.968 sec.
@I [HLS-100] Command "schedule -model dut "
@I [SCHED-11] Starting scheduling ...
@I [SCHED-11] Finished scheduling.
@I [HLS-100] Command 'schedule' returned 0; elapsed 0.12Total elapsed time: 27.110 sec.
@I [HLS-111] Elapsed time: 0.12 seconds; current memory usage: 0.157 MB.
@I [HLS-100] Command "report -o /home/student/mq58/MengProj/meng-reconfigurable-computing/cordic_tutorial/amdpool/cordic.prj/solution1/.autopilot/db/dut.verbose.sched.rpt -verbose -f "
@I [HLS-100] Command 'report' returned 0; elapsed 0Total elapsed time: 27.115 sec.
@I [HLS-100] Command "db_write -o /home/student/mq58/MengProj/meng-reconfigurable-computing/cordic_tutorial/amdpool/cordic.prj/solution1/.autopilot/db/dut.sched.adb -f "
@I [HLS-100] Command 'db_write' returned 0; elapsed 0Total elapsed time: 27.118 sec.
@I [HLS-0] Finish scheduling dut.
@I [HLS-10] ----------------------------------------------------------------
@0 [HLS-0] ----------------------------------------------------------------
@I [HLS-10] -- Exploring micro-architecture for module 'dut' 
@0 [HLS-0] -- Exploring micro-architecture for module 'dut' 
@I [HLS-10] ----------------------------------------------------------------
@0 [HLS-0] ----------------------------------------------------------------
@I [HLS-100] Command "set_default_model dut "
@I [HLS-100] Command 'set_default_model' returned 0; elapsed 0Total elapsed time: 27.120 sec.
@I [HLS-100] Command "bind -model dut "
@I [BIND-110] clear=
@I [BIND-110] debug=
@I [BIND-110] drf=
@I [BIND-110] effort=
@I [BIND-110] fast_refine=
@I [BIND-110] fu_weight=[ 0.0 -- 1.0 ]
@I [BIND-110] global_opt=
@I [BIND-110] gsearch=
@I [BIND-110] help=
@I [BIND-110] help-hidden=
@I [BIND-110] min_mem_port=
@I [BIND-110] min_op=
@I [BIND-110] minreg=
@I [BIND-110] ml=
@I [BIND-110] model=dut
@I [BIND-110] no_false_path=
@I [BIND-110] no_min_op=
@I [BIND-110] normalize=
@I [BIND-110] quiet=
@I [BIND-110] refine=
@I [BIND-110] reg_weight=[ 0.0 -- 1.0 ]
@I [BIND-110] search=
@I [BIND-110] tight_delay=
@I [BIND-110] verbose=
@I [BIND-110] wFF=
@I [BIND-110] wFU=
@I [BIND-110] wMUX=
@I [BIND-110] wNET=
@I [BIND-100] Starting micro-architecture generation ...
@I [BIND-101] Performing variable lifetime analysis.
@I [BIND-101] Exploring resource sharing.
@I [BIND-101] Binding ...
@I [BIND-100] Finished micro-architecture generation.
@I [HLS-100] Command 'bind' returned 0; elapsed 0.01Total elapsed time: 27.121 sec.
@I [HLS-111] Elapsed time: 0.01 seconds; current memory usage: 0.157 MB.
@I [HLS-100] Command "report -o /home/student/mq58/MengProj/meng-reconfigurable-computing/cordic_tutorial/amdpool/cordic.prj/solution1/.autopilot/db/dut.verbose.bind.rpt -verbose -f "
@I [HLS-100] Command 'report' returned 0; elapsed 0Total elapsed time: 27.134 sec.
@I [HLS-100] Command "db_write -o /home/student/mq58/MengProj/meng-reconfigurable-computing/cordic_tutorial/amdpool/cordic.prj/solution1/.autopilot/db/dut.bind.adb -f "
@I [HLS-100] Command 'db_write' returned 0; elapsed 0Total elapsed time: 27.137 sec.
@I [HLS-0] Finish binding dut.
@I [HLS-100] Command "get_model_list dut -filter all-wo-channel "
@I [HLS-100] Command 'get_model_list' returned 0; elapsed 0Total elapsed time: 27.137 sec.
@I [HLS-0] Preprocessing for RTLGen ...
@I [HLS-100] Command "rtl_gen_preprocess dut "
@I [HLS-100] Command 'rtl_gen_preprocess' returned 0; elapsed 0Total elapsed time: 27.138 sec.
@I [HLS-0] Model list for RTL generation: dut
@I [HLS-10] ----------------------------------------------------------------
@0 [HLS-0] ----------------------------------------------------------------
@I [HLS-10] -- Generating RTL for module 'dut' 
@0 [HLS-0] -- Generating RTL for module 'dut' 
@I [HLS-10] ----------------------------------------------------------------
@0 [HLS-0] ----------------------------------------------------------------
@I [HLS-100] Command "create_rtl_model dut -vendor xilinx -mg_file /home/student/mq58/MengProj/meng-reconfigurable-computing/cordic_tutorial/amdpool/cordic.prj/solution1/.autopilot/db/dut.compgen.tcl "
@I [RTGEN-500] Setting interface mode on port 'dut/strm_in_V_V' to 'ap_fifo'.
@I [RTGEN-500] Setting interface mode on port 'dut/strm_out_V_V' to 'ap_fifo'.
@I [RTGEN-500] Setting interface mode on function 'dut' to 'ap_ctrl_hs'.
@I [RTGEN-100] Finished creating RTL model for 'dut'.
@I [HLS-100] Command 'create_rtl_model' returned 0; elapsed 0.01Total elapsed time: 27.148 sec.
@I [HLS-111] Elapsed time: 0.01 seconds; current memory usage: 0.157 MB.
@I [HLS-100] Command "source /home/student/mq58/MengProj/meng-reconfigurable-computing/cordic_tutorial/amdpool/cordic.prj/solution1/.autopilot/db/dut.rtl_wrap.cfg.tcl "
@I [HLS-100] Command 'ap_source' returned 0; elapsed 0Total elapsed time: 27.150 sec.
@I [HLS-100] Command "gen_rtl dut -istop -style xilinx -tracefl mytrace -tracefmt vcd -traceopt all -f -lang sc -o /home/student/mq58/MengProj/meng-reconfigurable-computing/cordic_tutorial/amdpool/cordic.prj/solution1/syn/systemc/dut -synmodules dut "
@I [HLS-100] Command 'gen_rtl' returned 0; elapsed 0Total elapsed time: 27.154 sec.
@I [HLS-100] Command "gen_rtl dut -istop -style xilinx -f -lang vhdl -o /home/student/mq58/MengProj/meng-reconfigurable-computing/cordic_tutorial/amdpool/cordic.prj/solution1/syn/vhdl/dut "
@I [HLS-100] Command 'gen_rtl' returned 0; elapsed 0Total elapsed time: 27.158 sec.
@I [HLS-100] Command "gen_rtl dut -istop -style xilinx -f -lang vlog -o /home/student/mq58/MengProj/meng-reconfigurable-computing/cordic_tutorial/amdpool/cordic.prj/solution1/syn/verilog/dut "
@I [HLS-100] Command 'gen_rtl' returned 0; elapsed 0Total elapsed time: 27.161 sec.
@I [HLS-100] Command "export_constraint_db -o /home/student/mq58/MengProj/meng-reconfigurable-computing/cordic_tutorial/amdpool/cordic.prj/solution1/.autopilot/db/dut.constraint.tcl -f -tool general "
@I [HLS-100] Command 'export_constraint_db' returned 0; elapsed 0Total elapsed time: 27.162 sec.
@I [HLS-100] Command "report -model dut -o /home/student/mq58/MengProj/meng-reconfigurable-computing/cordic_tutorial/amdpool/cordic.prj/solution1/.autopilot/db/dut.design.xml -verbose -f -dv "
@I [HLS-100] Command 'report' returned 0; elapsed 0.02Total elapsed time: 27.166 sec.
@I [HLS-100] Command "gen_tb_info dut -o /home/student/mq58/MengProj/meng-reconfigurable-computing/cordic_tutorial/amdpool/cordic.prj/solution1/.autopilot/db/dut -p /home/student/mq58/MengProj/meng-reconfigurable-computing/cordic_tutorial/amdpool/cordic.prj/solution1/.autopilot/db "
@I [HLS-100] Command 'gen_tb_info' returned 0; elapsed 0Total elapsed time: 27.174 sec.
@I [HLS-100] Command "report -model dut -o /home/student/mq58/MengProj/meng-reconfigurable-computing/cordic_tutorial/amdpool/cordic.prj/solution1/syn/report/dut_csynth.rpt -f "
@I [HLS-100] Command 'report' returned 0; elapsed 0Total elapsed time: 27.179 sec.
@I [HLS-100] Command "report -model dut -o /home/student/mq58/MengProj/meng-reconfigurable-computing/cordic_tutorial/amdpool/cordic.prj/solution1/syn/report/dut_csynth.xml -f -x "
@I [HLS-100] Command 'report' returned 0; elapsed 0Total elapsed time: 27.182 sec.
@I [HLS-100] Command "report -model dut -o /home/student/mq58/MengProj/meng-reconfigurable-computing/cordic_tutorial/amdpool/cordic.prj/solution1/.autopilot/db/dut.verbose.rpt -verbose -f "
@I [HLS-100] Command 'report' returned 0; elapsed 0Total elapsed time: 27.189 sec.
@I [HLS-100] Command "db_write -model dut -o /home/student/mq58/MengProj/meng-reconfigurable-computing/cordic_tutorial/amdpool/cordic.prj/solution1/.autopilot/db/dut.adb -f "
@I [HLS-100] Command 'db_write' returned 0; elapsed 0.01Total elapsed time: 27.194 sec.
@I [HLS-100] Command "sc_get_clocks dut "
@I [HLS-100] Command 'sc_get_clocks' returned 0; elapsed 0Total elapsed time: 27.200 sec.
@I [HLS-100] Command "sc_get_portdomain dut "
@I [HLS-100] Command 'sc_get_portdomain' returned 0; elapsed 0Total elapsed time: 27.200 sec.
@I [HLS-0] Model list for RTL component generation: dut
@I [HLS-0] Handling components in module [dut] ... 
@I [HLS-100] Command "source /home/student/mq58/MengProj/meng-reconfigurable-computing/cordic_tutorial/amdpool/cordic.prj/solution1/.autopilot/db/dut.compgen.tcl "
@I [HLS-100] Command 'ap_source' returned 0; elapsed 0Total elapsed time: 27.213 sec.
@I [HLS-0] Append model dut
@I [HLS-0] Generating RTL model list ...
@I [HLS-0] All models in this session: dut
@I [HLS-0] To file: write model dut
@I [HLS-0] Finished generating RTL model list.


@I [HLS-0] RTL Generation done.
@I [HLS-0] CAS Generation done.
@I [HLS-0] CBC Generation done.
@I [HLS-100] Command "export_ssdm /home/student/mq58/MengProj/meng-reconfigurable-computing/cordic_tutorial/amdpool/cordic.prj/solution1/.autopilot/db/a.export.ll "
@I [HLS-100] Command 'export_ssdm' returned 0; elapsed 0Total elapsed time: 27.216 sec.
@I [HLS-100] Command "source /home/student/mq58/MengProj/meng-reconfigurable-computing/cordic_tutorial/amdpool/cordic.prj/solution1/.autopilot/db/global.setting.tcl "
@I [HLS-100] Command 'ap_source' returned 0; elapsed 0Total elapsed time: 27.222 sec.
@I [HLS-100] Command "source /research/brg/install/bare-pkgs/x86_64-centos6/pkgs/xilinx-vivado-2015.2/Vivado_HLS/2015.2/common/technology/generic/autopilot/common.gen "
@I [HLS-100] Command "source /research/brg/install/bare-pkgs/x86_64-centos6/pkgs/xilinx-vivado-2015.2/Vivado_HLS/2015.2/common/technology/generic/autopilot/APCoreGen.gen "
@I [HLS-100] Command 'ap_source' returned 0; elapsed 0Total elapsed time: 27.245 sec.
@I [HLS-100] Command 'ap_source' returned 0; elapsed 0Total elapsed time: 27.245 sec.
@I [HLS-100] Command "source /research/brg/install/bare-pkgs/x86_64-centos6/pkgs/xilinx-vivado-2015.2/Vivado_HLS/2015.2/common/technology/generic/autopilot/op.gen "
@I [HLS-100] Command 'ap_source' returned 0; elapsed 0Total elapsed time: 27.253 sec.
@I [HLS-100] Command "source /research/brg/install/bare-pkgs/x86_64-centos6/pkgs/xilinx-vivado-2015.2/Vivado_HLS/2015.2/common/technology/generic/autopilot/op_simcore.gen "
@I [HLS-100] Command 'ap_source' returned 0; elapsed 0.01Total elapsed time: 27.264 sec.
@I [HLS-100] Command "source /research/brg/install/bare-pkgs/x86_64-centos6/pkgs/xilinx-vivado-2015.2/Vivado_HLS/2015.2/common/technology/generic/autopilot/interface.gen "
@I [HLS-100] Command 'ap_source' returned 0; elapsed 0Total elapsed time: 27.271 sec.
@I [HLS-100] Command "source /home/student/mq58/MengProj/meng-reconfigurable-computing/cordic_tutorial/amdpool/cordic.prj/solution1/.autopilot/db/global.setting.tcl "
@I [HLS-100] Command 'ap_source' returned 0; elapsed 0Total elapsed time: 27.272 sec.
@I [HLS-100] Command "source /research/brg/install/bare-pkgs/x86_64-centos6/pkgs/xilinx-vivado-2015.2/Vivado_HLS/2015.2/common/technology/xilinx/zynq/zynq.gen "
@I [HLS-100] Command "source /research/brg/install/bare-pkgs/x86_64-centos6/pkgs/xilinx-vivado-2015.2/Vivado_HLS/2015.2/common/technology/xilinx/common/virtex.gen "
@I [HLS-100] Command "source /research/brg/install/bare-pkgs/x86_64-centos6/pkgs/xilinx-vivado-2015.2/Vivado_HLS/2015.2/common/technology/xilinx/common/xilinx.gen "
@I [HLS-100] Command "source /research/brg/install/bare-pkgs/x86_64-centos6/pkgs/xilinx-vivado-2015.2/Vivado_HLS/2015.2/common/technology/xilinx/interface/plb46.gen "
@I [HLS-100] Command 'ap_source' returned 0; elapsed 0Total elapsed time: 27.277 sec.
@I [HLS-100] Command "source /research/brg/install/bare-pkgs/x86_64-centos6/pkgs/xilinx-vivado-2015.2/Vivado_HLS/2015.2/common/technology/xilinx/interface/fsl.gen "
@I [HLS-100] Command 'ap_source' returned 0; elapsed 0Total elapsed time: 27.279 sec.
@I [HLS-100] Command "source /research/brg/install/bare-pkgs/x86_64-centos6/pkgs/xilinx-vivado-2015.2/Vivado_HLS/2015.2/common/technology/xilinx/interface/axi4.gen "
@I [HLS-100] Command 'ap_source' returned 0; elapsed 0Total elapsed time: 27.282 sec.
@I [HLS-100] Command "source /research/brg/install/bare-pkgs/x86_64-centos6/pkgs/xilinx-vivado-2015.2/Vivado_HLS/2015.2/common/technology/xilinx/interface/nativeAXI4.gen "
@I [HLS-100] Command "source /research/brg/install/bare-pkgs/x86_64-centos6/pkgs/xilinx-vivado-2015.2/Vivado_HLS/2015.2/common/technology/xilinx/interface/saxilite.gen "
@I [HLS-100] Command 'ap_source' returned 0; elapsed 0.01Total elapsed time: 27.288 sec.
@I [HLS-100] Command "source /research/brg/install/bare-pkgs/x86_64-centos6/pkgs/xilinx-vivado-2015.2/Vivado_HLS/2015.2/common/technology/xilinx/interface/maxi.gen "
@I [HLS-100] Command 'ap_source' returned 0; elapsed 0Total elapsed time: 27.297 sec.
@I [HLS-100] Command 'ap_source' returned 0; elapsed 0.01Total elapsed time: 27.297 sec.
@I [HLS-100] Command "source /research/brg/install/bare-pkgs/x86_64-centos6/pkgs/xilinx-vivado-2015.2/Vivado_HLS/2015.2/common/technology/xilinx/scripts/xilinxcoregen.gen "
@I [HLS-100] Command 'ap_source' returned 0; elapsed 0.02Total elapsed time: 27.310 sec.
@I [HLS-100] Command "source /research/brg/install/bare-pkgs/x86_64-centos6/pkgs/xilinx-vivado-2015.2/Vivado_HLS/2015.2/common/technology/xilinx/interface/XilEDKCoreGen.gen "
@I [HLS-100] Command 'ap_source' returned 0; elapsed 0.01Total elapsed time: 27.320 sec.
@I [HLS-100] Command "source /research/brg/install/bare-pkgs/x86_64-centos6/pkgs/xilinx-vivado-2015.2/Vivado_HLS/2015.2/common/technology/xilinx/ip/dds_compiler.gen "
@I [HLS-100] Command 'ap_source' returned 0; elapsed 0Total elapsed time: 27.326 sec.
@I [HLS-100] Command "source /research/brg/install/bare-pkgs/x86_64-centos6/pkgs/xilinx-vivado-2015.2/Vivado_HLS/2015.2/common/technology/xilinx/ip/util.gen "
@I [HLS-100] Command 'ap_source' returned 0; elapsed 0Total elapsed time: 27.327 sec.
@I [HLS-100] Command "source /research/brg/install/bare-pkgs/x86_64-centos6/pkgs/xilinx-vivado-2015.2/Vivado_HLS/2015.2/common/technology/xilinx/ip/xfft.gen "
@I [HLS-100] Command 'ap_source' returned 0; elapsed 0.13Total elapsed time: 27.452 sec.
@I [HLS-100] Command "source /research/brg/install/bare-pkgs/x86_64-centos6/pkgs/xilinx-vivado-2015.2/Vivado_HLS/2015.2/common/technology/xilinx/ip/xfir.gen "
@I [HLS-100] Command 'ap_source' returned 0; elapsed 0.03Total elapsed time: 27.493 sec.
@I [HLS-100] Command 'ap_source' returned 0; elapsed 0.2Total elapsed time: 27.493 sec.
@I [HLS-100] Command "source /research/brg/install/bare-pkgs/x86_64-centos6/pkgs/xilinx-vivado-2015.2/Vivado_HLS/2015.2/common/technology/xilinx/common/dsp48.gen "
@I [HLS-100] Command 'ap_source' returned 0; elapsed 0Total elapsed time: 27.496 sec.
@I [HLS-100] Command 'ap_source' returned 0; elapsed 0.2Total elapsed time: 27.496 sec.
@I [HLS-100] Command 'ap_source' returned 0; elapsed 0.2Total elapsed time: 27.496 sec.
@I [HLS-100] Command "source /research/brg/install/bare-pkgs/x86_64-centos6/pkgs/xilinx-vivado-2015.2/Vivado_HLS/2015.2/common/technology/xilinx/zynq/zynq_fpv6.gen "
@I [HLS-100] Command "source /research/brg/install/bare-pkgs/x86_64-centos6/pkgs/xilinx-vivado-2015.2/Vivado_HLS/2015.2/common/technology/xilinx/common/xilinx_fpv6.gen "
@I [HLS-100] Command 'ap_source' returned 0; elapsed 0Total elapsed time: 27.500 sec.
@I [HLS-100] Command 'ap_source' returned 0; elapsed 0.01Total elapsed time: 27.500 sec.
@I [HLS-100] Command "source /home/student/mq58/MengProj/meng-reconfigurable-computing/cordic_tutorial/amdpool/cordic.prj/solution1/.autopilot/db/global.setting.tcl "
@I [HLS-100] Command 'ap_source' returned 0; elapsed 0Total elapsed time: 27.501 sec.
@I [HLS-100] Command "source /home/student/mq58/MengProj/meng-reconfigurable-computing/cordic_tutorial/amdpool/cordic.prj/solution1/.autopilot/db/global.setting.tcl "
@I [HLS-100] Command 'ap_source' returned 0; elapsed 0Total elapsed time: 27.502 sec.
@I [HLS-100] Command "source /home/student/mq58/MengProj/meng-reconfigurable-computing/cordic_tutorial/amdpool/cordic.prj/solution1/.autopilot/db/global.setting.tcl "
@I [HLS-100] Command 'ap_source' returned 0; elapsed 0Total elapsed time: 27.503 sec.
@I [HLS-100] Command "source /home/student/mq58/MengProj/meng-reconfigurable-computing/cordic_tutorial/amdpool/cordic.prj/solution1/.autopilot/db/global.setting.tcl "
@I [HLS-100] Command 'ap_source' returned 0; elapsed 0Total elapsed time: 27.504 sec.
@I [HLS-100] Command "source /home/student/mq58/MengProj/meng-reconfigurable-computing/cordic_tutorial/amdpool/cordic.prj/solution1/.autopilot/db/dut.compgen.tcl "
@I [HLS-100] Command 'ap_source' returned 0; elapsed 0Total elapsed time: 27.506 sec.
@I [HLS-10] Finished generating all RTL models.
@0 [HLS-0] Finished generating all RTL models.
@I [WSYSC-301] Generating RTL SystemC for 'dut'.
@I [WVHDL-304] Generating RTL VHDL for 'dut'.
@I [WVLOG-307] Generating RTL Verilog for 'dut'.
@I [HLS-100] Command 'autosyn' returned 0; elapsed 0.4Total elapsed time: 27.515 sec.
@I [HLS-100] Command 'csynth_design' returned 0; elapsed 3.76Total elapsed time: 27.515 sec.
@I [HLS-100] Command "cleanup_all "
@I [HLS-100] Command 'cleanup_all' returned 0; elapsed 0Total elapsed time: 27.517 sec.
