

================================================================
== Vivado HLS Report for 'dut'
================================================================
* Date:           Thu Apr 14 16:40:23 2016

* Version:        2015.2 (Build 1266856 on Fri Jun 26 16:57:37 PM 2015)
* Project:        cordic.prj
* Solution:       solution1
* Product family: zynq
* Target device:  xc7z020clg484-1


================================================================
== Performance Estimates
================================================================
+ Timing (ns): 
    * Summary: 
    +--------+-------+----------+------------+
    |  Clock | Target| Estimated| Uncertainty|
    +--------+-------+----------+------------+
    |ap_clk  |  10.00|      6.81|        1.25|
    +--------+-------+----------+------------+

+ Latency (clock cycles): 
    * Summary: 
    +-----+-----+-----+-----+---------+
    |  Latency  |  Interval | Pipeline|
    | min | max | min | max |   Type  |
    +-----+-----+-----+-----+---------+
    |    2|    2|    3|    3|   none  |
    +-----+-----+-----+-----+---------+

    + Detail: 
        * Instance: 
        N/A

        * Loop: 
        N/A



================================================================
== Utilization Estimates
================================================================
* Summary: 
+-----------------+---------+-------+--------+-------+
|       Name      | BRAM_18K| DSP48E|   FF   |  LUT  |
+-----------------+---------+-------+--------+-------+
|Expression       |        -|      -|       0|     33|
|FIFO             |        -|      -|       -|      -|
|Instance         |        -|      -|       -|      -|
|Memory           |        -|      -|       -|      -|
|Multiplexer      |        -|      -|       -|      1|
|Register         |        -|      -|      67|      -|
+-----------------+---------+-------+--------+-------+
|Total            |        0|      0|      67|     34|
+-----------------+---------+-------+--------+-------+
|Available        |      280|    220|  106400|  53200|
+-----------------+---------+-------+--------+-------+
|Utilization (%)  |        0|      0|   ~0   |   ~0  |
+-----------------+---------+-------+--------+-------+

+ Detail: 
    * Instance: 
    N/A

    * Memory: 
    N/A

    * FIFO: 
    N/A

    * Expression: 
    +----------------+----------+-------+---+----+------------+------------+
    |  Variable Name | Operation| DSP48E| FF| LUT| Bitwidth P0| Bitwidth P1|
    +----------------+----------+-------+---+----+------------+------------+
    |tmp_V_fu_35_p2  |     +    |      0|  0|  32|          32|          32|
    |ap_sig_bdd_39   |    or    |      0|  0|   1|           1|           1|
    +----------------+----------+-------+---+----+------------+------------+
    |Total           |          |      0|  0|  33|          33|          33|
    +----------------+----------+-------+---+----+------------+------------+

    * Multiplexer: 
    +-----------+----+-----------+-----+-----------+
    |    Name   | LUT| Input Size| Bits| Total Bits|
    +-----------+----+-----------+-----+-----------+
    |ap_NS_fsm  |   1|          4|    1|          4|
    +-----------+----+-----------+-----+-----------+
    |Total      |   1|          4|    1|          4|
    +-----------+----+-----------+-----+-----------+

    * Register: 
    +----------------+----+----+-----+-----------+
    |      Name      | FF | LUT| Bits| Const Bits|
    +----------------+----+----+-----+-----------+
    |ap_CS_fsm       |   3|   0|    3|          0|
    |tmp_V_1_reg_40  |  32|   0|   32|          0|
    |tmp_V_reg_45    |  32|   0|   32|          0|
    +----------------+----+----+-----+-----------+
    |Total           |  67|   0|   67|          0|
    +----------------+----+----+-----+-----------+



================================================================
== Interface
================================================================
* Summary: 
+---------------------+-----+-----+------------+--------------+--------------+
|      RTL Ports      | Dir | Bits|  Protocol  | Source Object|    C Type    |
+---------------------+-----+-----+------------+--------------+--------------+
|ap_clk               |  in |    1| ap_ctrl_hs |      dut     | return value |
|ap_rst               |  in |    1| ap_ctrl_hs |      dut     | return value |
|ap_start             |  in |    1| ap_ctrl_hs |      dut     | return value |
|ap_done              | out |    1| ap_ctrl_hs |      dut     | return value |
|ap_idle              | out |    1| ap_ctrl_hs |      dut     | return value |
|ap_ready             | out |    1| ap_ctrl_hs |      dut     | return value |
|strm_in_V_V_dout     |  in |   32|   ap_fifo  |  strm_in_V_V |    pointer   |
|strm_in_V_V_empty_n  |  in |    1|   ap_fifo  |  strm_in_V_V |    pointer   |
|strm_in_V_V_read     | out |    1|   ap_fifo  |  strm_in_V_V |    pointer   |
|strm_out_V_V_din     | out |   32|   ap_fifo  | strm_out_V_V |    pointer   |
|strm_out_V_V_full_n  |  in |    1|   ap_fifo  | strm_out_V_V |    pointer   |
|strm_out_V_V_write   | out |    1|   ap_fifo  | strm_out_V_V |    pointer   |
+---------------------+-----+-----+------------+--------------+--------------+

============================================================
+ Verbose Summary: Synthesis Manager
============================================================
InlineROM: 1
ExposeGlobal: 0
============================================================
+ Verbose Summary: CDFG Model
============================================================
IsTopModel: 1
ResetActiveHigh: 1
IsCombinational: 2
IsDatapathOnly: 2
HasWiredReturn: 1
HasMFsm: 0
HasVarLatency: 1
IsPipeline: 0
IsRtlPipelined: 0
IsInstanceOverlapped: 0
IsDontTouch: 0
HasImplIP: 0
IsGatedGlobalClock: 0


============================================================
+ Verbose Summary: Schedule
============================================================
* Number of FSM states: 3
* Pipeline: 0
* Dataflow Pipeline: 0

* FSM state transitions: 
1 --> 
	2  / true
2 --> 
	3  / true
3 --> 
* FSM state operations: 

 <State 1>: 4.38ns
ST_1: tmp_V_1 [1/1] 4.38ns
:5  %tmp_V_1 = call i32 @_ssdm_op_Read.ap_fifo.volatile.i32P(i32* %strm_in_V_V)


 <State 2>: 6.81ns
ST_2: tmp_V_2 [1/1] 4.38ns
:6  %tmp_V_2 = call i32 @_ssdm_op_Read.ap_fifo.volatile.i32P(i32* %strm_in_V_V)

ST_2: tmp_V [1/1] 2.44ns
:7  %tmp_V = add i32 %tmp_V_2, %tmp_V_1


 <State 3>: 4.38ns
ST_3: empty [1/1] 0.00ns
:0  %empty = call i32 (...)* @_ssdm_op_SpecInterface(i32* %strm_out_V_V, [8 x i8]* @ap_fifo_str, i32 0, i32 0, i32 0, i32 0, [1 x i8]* @p_str, [1 x i8]* @p_str, [8 x i8]* @ap_fifo_str)

ST_3: empty_3 [1/1] 0.00ns
:1  %empty_3 = call i32 (...)* @_ssdm_op_SpecInterface(i32* %strm_in_V_V, [8 x i8]* @ap_fifo_str, i32 0, i32 0, i32 0, i32 0, [1 x i8]* @p_str, [1 x i8]* @p_str, [8 x i8]* @ap_fifo_str)

ST_3: stg_9 [1/1] 0.00ns
:2  call void (...)* @_ssdm_op_SpecBitsMap(i32* %strm_in_V_V), !map !7

ST_3: stg_10 [1/1] 0.00ns
:3  call void (...)* @_ssdm_op_SpecBitsMap(i32* %strm_out_V_V), !map !11

ST_3: stg_11 [1/1] 0.00ns
:4  call void (...)* @_ssdm_op_SpecTopModule([4 x i8]* @dut_str) nounwind

ST_3: stg_12 [1/1] 4.38ns
:8  call void @_ssdm_op_Write.ap_fifo.volatile.i32P(i32* %strm_out_V_V, i32 %tmp_V)

ST_3: stg_13 [1/1] 0.00ns
:9  ret void



============================================================
+ Verbose Summary: Binding
============================================================
STG Binding: 
---------------- STG Properties BEGIN ----------------
- Is combinational: 0
- Is one-state seq: 0
- Is datapath-only: 0
- Is clock enabled: 0
- Is pipelined: 0
- Is top level: 1
Port [ Return ] is wired: 1; IO mode=ap_ctrl_hs:ce=0
Port [ strm_in_V_V]:  wired=1; compound=1; hidden=0; nouse=0; global=0; static=0; extern=0; dir=0; type=3; mode=0x7f2620ca8410; pingpong=0; private_global=0; IO mode=ap_fifo:ce=0
Port [ strm_out_V_V]:  wired=1; compound=1; hidden=0; nouse=0; global=0; static=0; extern=0; dir=1; type=3; mode=0x7f2621430780; pingpong=0; private_global=0; IO mode=ap_fifo:ce=0
---------------- STG Properties END ------------------

---------------- Datapath Model BEGIN ----------------

<LifeTime>
<method=bitvector/>
tmp_V_1 (read         ) [ 0010]
tmp_V_2 (read         ) [ 0000]
tmp_V   (add          ) [ 0001]
empty   (specinterface) [ 0000]
empty_3 (specinterface) [ 0000]
stg_9   (specbitsmap  ) [ 0000]
stg_10  (specbitsmap  ) [ 0000]
stg_11  (spectopmodule) [ 0000]
stg_12  (write        ) [ 0000]
stg_13  (ret          ) [ 0000]
</LifeTime>

<model>

<comp_list>
<comp id="0" class="1000" name="strm_in_V_V">
<pin_list>
<pin id="1" dir="1" index="0" bw="1" slack="0"/>
</pin_list>
<bind>
<StgValue><ssdm name="strm_in_V_V"/></StgValue>
</bind>
</comp>

<comp id="2" class="1000" name="strm_out_V_V">
<pin_list>
<pin id="3" dir="1" index="0" bw="1" slack="0"/>
</pin_list>
<bind>
<StgValue><ssdm name="strm_out_V_V"/></StgValue>
</bind>
</comp>

<comp id="4" class="1001" name="const_4">
<pin_list>
<pin id="5" dir="1" index="0" bw="1" slack="0"/>
</pin_list>
<bind>
<StgValue><ssdm name="_ssdm_op_Read.ap_fifo.volatile.i32P"/></StgValue>
</bind>
</comp>

<comp id="6" class="1001" name="const_6">
<pin_list>
<pin id="7" dir="1" index="0" bw="1" slack="2147483647"/>
</pin_list>
<bind>
<StgValue><ssdm name="_ssdm_op_SpecInterface"/></StgValue>
</bind>
</comp>

<comp id="8" class="1001" name="const_8">
<pin_list>
<pin id="9" dir="1" index="0" bw="1" slack="2147483647"/>
</pin_list>
<bind>
<StgValue><ssdm name="ap_fifo_str"/></StgValue>
</bind>
</comp>

<comp id="10" class="1001" name="const_10">
<pin_list>
<pin id="11" dir="1" index="0" bw="1" slack="2147483647"/>
</pin_list>
<bind>
<StgValue><ssdm name=""/></StgValue>
</bind>
</comp>

<comp id="12" class="1001" name="const_12">
<pin_list>
<pin id="13" dir="1" index="0" bw="1" slack="2147483647"/>
</pin_list>
<bind>
<StgValue><ssdm name="p_str"/></StgValue>
</bind>
</comp>

<comp id="14" class="1001" name="const_14">
<pin_list>
<pin id="15" dir="1" index="0" bw="1" slack="2147483647"/>
</pin_list>
<bind>
<StgValue><ssdm name="_ssdm_op_SpecBitsMap"/></StgValue>
</bind>
</comp>

<comp id="16" class="1001" name="const_16">
<pin_list>
<pin id="17" dir="1" index="0" bw="1" slack="2147483647"/>
</pin_list>
<bind>
<StgValue><ssdm name="_ssdm_op_SpecTopModule"/></StgValue>
</bind>
</comp>

<comp id="18" class="1001" name="const_18">
<pin_list>
<pin id="19" dir="1" index="0" bw="1" slack="2147483647"/>
</pin_list>
<bind>
<StgValue><ssdm name="dut_str"/></StgValue>
</bind>
</comp>

<comp id="20" class="1001" name="const_20">
<pin_list>
<pin id="21" dir="1" index="0" bw="1" slack="0"/>
</pin_list>
<bind>
<StgValue><ssdm name="_ssdm_op_Write.ap_fifo.volatile.i32P"/></StgValue>
</bind>
</comp>

<comp id="22" class="1004" name="grp_read_fu_22">
<pin_list>
<pin id="23" dir="0" index="0" bw="32" slack="0"/>
<pin id="24" dir="0" index="1" bw="32" slack="0"/>
<pin id="25" dir="1" index="2" bw="32" slack="0"/>
</pin_list>
<bind>
<opcode="read(1150) " fcode="read"/>
<opset="tmp_V_1/1 tmp_V_2/2 "/>
</bind>
</comp>

<comp id="28" class="1004" name="stg_12_write_fu_28">
<pin_list>
<pin id="29" dir="0" index="0" bw="0" slack="0"/>
<pin id="30" dir="0" index="1" bw="32" slack="0"/>
<pin id="31" dir="0" index="2" bw="32" slack="1"/>
<pin id="32" dir="1" index="3" bw="0" slack="2147483647"/>
</pin_list>
<bind>
<opcode="write(1151) " fcode="write"/>
<opset="stg_12/3 "/>
</bind>
</comp>

<comp id="35" class="1004" name="tmp_V_fu_35">
<pin_list>
<pin id="36" dir="0" index="0" bw="32" slack="0"/>
<pin id="37" dir="0" index="1" bw="32" slack="1"/>
<pin id="38" dir="1" index="2" bw="32" slack="1"/>
</pin_list>
<bind>
<opcode="add(8) " fcode="add"/>
<opset="tmp_V/2 "/>
</bind>
</comp>

<comp id="40" class="1005" name="tmp_V_1_reg_40">
<pin_list>
<pin id="41" dir="0" index="0" bw="32" slack="1"/>
<pin id="42" dir="1" index="1" bw="32" slack="1"/>
</pin_list>
<bind>
<opset="tmp_V_1 "/>
</bind>
</comp>

<comp id="45" class="1005" name="tmp_V_reg_45">
<pin_list>
<pin id="46" dir="0" index="0" bw="32" slack="1"/>
<pin id="47" dir="1" index="1" bw="32" slack="1"/>
</pin_list>
<bind>
<opset="tmp_V "/>
</bind>
</comp>

</comp_list>

<net_list>
<net id="26"><net_src comp="4" pin="0"/><net_sink comp="22" pin=0"/></net>

<net id="27"><net_src comp="0" pin="0"/><net_sink comp="22" pin=1"/></net>

<net id="33"><net_src comp="20" pin="0"/><net_sink comp="28" pin=0"/></net>

<net id="34"><net_src comp="2" pin="0"/><net_sink comp="28" pin=1"/></net>

<net id="39"><net_src comp="22" pin="2"/><net_sink comp="35" pin=0"/></net>

<net id="43"><net_src comp="22" pin="2"/><net_sink comp="40" pin=0"/></net>

<net id="44"><net_src comp="40" pin="1"/><net_sink comp="35" pin=1"/></net>

<net id="48"><net_src comp="35" pin="2"/><net_sink comp="45" pin=0"/></net>

<net id="49"><net_src comp="45" pin="1"/><net_sink comp="28" pin=2"/></net>

</net_list>

</model> 
---------------- Datapath Model END ------------------

* FSMD analyzer results:
  - Output states:
	Port: strm_out_V_V | {3 }
  - Chain level:
	State 1
	State 2
	State 3


============================================================
+ Verbose Summary: Datapath Resource usage 
============================================================

* Functional unit list:
|----------|--------------------|---------|---------|
| Operation|   Functional Unit  |    FF   |   LUT   |
|----------|--------------------|---------|---------|
|    add   |     tmp_V_fu_35    |    0    |    32   |
|----------|--------------------|---------|---------|
|   read   |   grp_read_fu_22   |    0    |    0    |
|----------|--------------------|---------|---------|
|   write  | stg_12_write_fu_28 |    0    |    0    |
|----------|--------------------|---------|---------|
|   Total  |                    |    0    |    32   |
|----------|--------------------|---------|---------|

Memories:
N/A

* Register list:
+--------------+--------+
|              |   FF   |
+--------------+--------+
|tmp_V_1_reg_40|   32   |
| tmp_V_reg_45 |   32   |
+--------------+--------+
|     Total    |   64   |
+--------------+--------+

* Multiplexer (MUX) list: 
|--------|------|------|------|--------|
|  Comp  |  Pin | Size |  BW  | S x BW |
|--------|------|------|------|--------|
|  Total |      |      |      |    0   |
|--------|------|------|------|--------|



* Summary:
+-----------+--------+--------+
|           |   FF   |   LUT  |
+-----------+--------+--------+
|  Function |    0   |   32   |
|   Memory  |    -   |    -   |
|Multiplexer|    -   |    -   |
|  Register |   64   |    -   |
+-----------+--------+--------+
|   Total   |   64   |   32   |
+-----------+--------+--------+
