   Compiling ../../../../cordic_test.cpp in debug mode
   Compiling ../../../../cordic.cpp in debug mode
   Generating csim.exe
 (0) act_sum = 0sum = 0
 (1) act_sum = 1sum = 1
 (2) act_sum = 2sum = 2
 (3) act_sum = 3sum = 3
 (4) act_sum = 4sum = 4
 (5) act_sum = 1sum = 1
 (6) act_sum = 2sum = 2
 (7) act_sum = 3sum = 3
 (8) act_sum = 4sum = 4
 (9) act_sum = 5sum = 5
 (10) act_sum = 2sum = 2
 (11) act_sum = 3sum = 3
 (12) act_sum = 4sum = 4
 (13) act_sum = 5sum = 5
 (14) act_sum = 6sum = 6
 (15) act_sum = 3sum = 3
 (16) act_sum = 4sum = 4
 (17) act_sum = 5sum = 5
 (18) act_sum = 6sum = 6
 (19) act_sum = 7sum = 7
 (20) act_sum = 4sum = 4
 (21) act_sum = 5sum = 5
 (22) act_sum = 6sum = 6
 (23) act_sum = 7sum = 7
 (24) act_sum = 8sum = 8
#------------------------------------------------
Number of errors = 0
#------------------------------------------------
@I [SIM-1] CSim done with 0 errors.
